<?xml version="1.0" encoding="UTF-8"?>
<!-- Generated by org.testng.reporters.JUnitReportReporter -->
<testsuite hostname="Home" name="demo.ScreenshotDemo" tests="1" failures="0" timestamp="14 Jun 2016 14:43:15 GMT" time="30.705" errors="0">
  <testcase name="searchGoogle" time="30.705" classname="demo.ScreenshotDemo"/>
</testsuite> <!-- demo.ScreenshotDemo -->
