<?xml version="1.0" encoding="UTF-8"?>
<!-- Generated by org.testng.reporters.JUnitReportReporter -->
<testsuite hostname="Home" name="demo.Annotations" tests="2" failures="0" timestamp="11 Jun 2016 10:05:28 GMT" time="0.016" errors="0">
  <testcase name="testCase2" time="0.006" classname="demo.Annotations"/>
  <testcase name="testCase1" time="0.010" classname="demo.Annotations"/>
</testsuite> <!-- demo.Annotations -->
