<?xml version="1.0" encoding="UTF-8"?>
<!-- Generated by org.testng.reporters.JUnitReportReporter -->
<testsuite hostname="Home" name="demo.VerifyTitleNG" tests="1" failures="0" timestamp="11 Jun 2016 09:44:25 GMT" time="0.872" errors="0">
  <testcase name="verifyTitle" time="0.872" classname="demo.VerifyTitleNG"/>
</testsuite> <!-- demo.VerifyTitleNG -->
