<?xml version="1.0" encoding="UTF-8"?>
<!-- Generated by org.testng.reporters.JUnitReportReporter -->
<testsuite hostname="Home" name="demo.TitleMultipleCheck" tests="2" failures="0" timestamp="13 Jun 2016 14:36:34 GMT" time="4.657" errors="0">
  <testcase name="verifyRegisterTitle" time="2.468" classname="demo.TitleMultipleCheck"/>
  <testcase name="verifySupportTitle" time="2.189" classname="demo.TitleMultipleCheck"/>
</testsuite> <!-- demo.TitleMultipleCheck -->
